-------------------------------------------------------------------------------
Test set: com.baldede.postman.PostmanApplicationTests
-------------------------------------------------------------------------------
Tests run: 1, Failures: 0, Errors: 1, Skipped: 0, Time elapsed: 0.028 s <<< FAILURE! - in com.baldede.postman.PostmanApplicationTests
initializationError(com.baldede.postman.PostmanApplicationTests)  Time elapsed: 0 s  <<< ERROR!
java.lang.NoClassDefFoundError: Lcom/baldede/postman/app/XMLService;
Caused by: java.lang.ClassNotFoundException: com.baldede.postman.app.XMLService

