<?xml version="1.0" encoding="UTF-8"?>
<testsuite xmlns:xsi="http://www.w3.org/2001/XMLSchema-instance" xsi:noNamespaceSchemaLocation="https://maven.apache.org/surefire/maven-surefire-plugin/xsd/surefire-test-report.xsd" name="com.baldede.postman.PostmanApplicationTests" time="0.028" tests="1" errors="1" skipped="0" failures="0">
  <properties>
[...]
</properties>
  <testcase name="initializationError" classname="com.baldede.postman.PostmanApplicationTests" time="0">
    <error message="Lcom/baldede/postman/app/XMLService;" type="java.lang.NoClassDefFoundError">java.lang.NoClassDefFoundError: Lcom/baldede/postman/app/XMLService;
Caused by: java.lang.ClassNotFoundException: com.baldede.postman.app.XMLService
</error>
  </testcase>
</testsuite>